<?xml version="1.0" encoding="UTF-8"?>
<robot generator="Robot 6.1.1 (Python 3.8.10 on linux)" generated="20231117 23:46:07.098" rpa="false" schemaversion="4">
<suite id="s1" name="flowerApk" source="/home/valentin.mihalache/Downloads/flowerApk">
<suite id="s1-s1" name="Test" source="/home/valentin.mihalache/Downloads/flowerApk/test.robot">
<kw name="Set Library Search Order" library="BuiltIn" type="SETUP">
<arg>AppiumLibrary</arg>
<arg>SeleniumLibrary</arg>
<arg>Collections</arg>
<arg>XML</arg>
<doc>Sets the resolution order to use when a name matches multiple keywords.</doc>
<status status="PASS" starttime="20231117 23:46:07.251" endtime="20231117 23:46:07.252"/>
</kw>
<test id="s1-s1-t1" name="Add flower" line="10">
<kw name="Open flower APK" library="android.res">
<kw name="Open Application" library="AppiumLibrary">
<arg>${APPIUM_SERVER}</arg>
<arg>automationName=${ANDROID_AUTOMATION_NAME}</arg>
<arg>platformName=${PLATFORM_NAME}</arg>
<arg>app=${APP}</arg>
<arg>appPackage=${APP_PACKAGE}</arg>
<arg>appActivity=${APP_ACTIVITY}</arg>
<doc>Opens a new application to given Appium server.
Capabilities of appium server, Android and iOS,
Please check https://github.com/appium/appium/blob/master/docs/en/writing-running-appium/server-args.md
| *Option*            | *Man.* | *Description*     |
| remote_url          | Yes    | Appium server url |
| alias               | no     | alias             |
| strict_ssl          | No     | allows you to send commands to an invalid certificate host like a self-signed one. |</doc>
<status status="PASS" starttime="20231117 23:46:07.253" endtime="20231117 23:46:14.627"/>
</kw>
<status status="PASS" starttime="20231117 23:46:07.252" endtime="20231117 23:46:14.627"/>
</kw>
<kw name="Generate Random Flower" library="android.res">
<var>${randomFlower}</var>
<kw name="Generate Random String" library="String">
<var>${number1}</var>
<arg>1</arg>
<arg>1</arg>
<doc>Generates a string with a desired ``length`` from the given ``chars``.</doc>
<msg timestamp="20231117 23:46:14.629" level="INFO">${number1} = 1</msg>
<status status="PASS" starttime="20231117 23:46:14.628" endtime="20231117 23:46:14.629"/>
</kw>
<kw name="Generate Random String" library="String">
<var>${number2}</var>
<arg>1</arg>
<arg>123456</arg>
<doc>Generates a string with a desired ``length`` from the given ``chars``.</doc>
<msg timestamp="20231117 23:46:14.630" level="INFO">${number2} = 6</msg>
<status status="PASS" starttime="20231117 23:46:14.629" endtime="20231117 23:46:14.630"/>
</kw>
<kw name="Set Variable" library="BuiltIn">
<var>${Random Numbers}</var>
<arg>16</arg>
<doc>Returns the given values which can then be assigned to a variables.</doc>
<msg timestamp="20231117 23:46:14.630" level="INFO">${Random Numbers} = 16</msg>
<status status="PASS" starttime="20231117 23:46:14.630" endtime="20231117 23:46:14.631"/>
</kw>
<kw name="Convert To Integer" library="BuiltIn">
<var>${flowerId}</var>
<arg>${Random Numbers}</arg>
<doc>Converts the given item to an integer number.</doc>
<msg timestamp="20231117 23:46:14.631" level="INFO">${flowerId} = 16</msg>
<status status="PASS" starttime="20231117 23:46:14.631" endtime="20231117 23:46:14.631"/>
</kw>
<msg timestamp="20231117 23:46:14.632" level="INFO">${randomFlower} = 16</msg>
<status status="PASS" starttime="20231117 23:46:14.628" endtime="20231117 23:46:14.632"/>
</kw>
<kw name="Log" library="BuiltIn">
<arg>${randomFlower}</arg>
<doc>Logs the given message with the given level.</doc>
<msg timestamp="20231117 23:46:14.632" level="INFO">16</msg>
<status status="PASS" starttime="20231117 23:46:14.632" endtime="20231117 23:46:14.632"/>
</kw>
<kw name="Repeat Keyword" library="BuiltIn">
<arg>2 times</arg>
<arg>Add a flower to my garden</arg>
<arg>16</arg>
<doc>Executes the specified keyword multiple times.</doc>
<msg timestamp="20231117 23:46:14.633" level="INFO">Repeating keyword, round 1/2.</msg>
<kw name="Add a flower to my garden" library="android.res">
<arg>16</arg>
<kw name="Set Global Variable" library="BuiltIn">
<arg>${globalList}</arg>
<doc>Makes a variable available globally in all tests and suites.</doc>
<msg timestamp="20231117 23:46:14.634" level="INFO">${globalList} = []</msg>
<status status="PASS" starttime="20231117 23:46:14.634" endtime="20231117 23:46:14.634"/>
</kw>
<kw name="Click on my Plantlist" library="android.res">
<kw name="Wait Until Page Contains Element" library="AppiumLibrary">
<arg>${plantList-Open-Button}</arg>
<arg>25</arg>
<doc>Waits until element specified with `locator` appears on current page.</doc>
<msg timestamp="20231117 23:46:16.537" level="INFO">xpath criteria: //android.view.View[@content-desc="Plant list"]</msg>
<status status="PASS" starttime="20231117 23:46:14.635" endtime="20231117 23:46:16.537"/>
</kw>
<kw name="Click Element" library="AppiumLibrary">
<arg>${plantList-Open-Button}</arg>
<doc>Click element identified by `locator`.</doc>
<msg timestamp="20231117 23:46:16.539" level="INFO">Clicking element '//android.view.View[@content-desc="Plant list"]'.</msg>
<msg timestamp="20231117 23:46:17.723" level="INFO">xpath criteria: //android.view.View[@content-desc="Plant list"]</msg>
<status status="PASS" starttime="20231117 23:46:16.537" endtime="20231117 23:46:17.723"/>
</kw>
<status status="PASS" starttime="20231117 23:46:14.634" endtime="20231117 23:46:17.723"/>
</kw>
<kw name="Scroll all the flowers and click on the chosen one" library="android.res">
<arg>${idOfPlant}</arg>
<kw name="Run Keyword" library="BuiltIn">
<var>${plantHasBeenAddedValue}</var>
<arg>Check plantHasBeenAdded</arg>
<arg>${idOfPlant}</arg>
<arg>${globalList}</arg>
<doc>Executes the given keyword with the given arguments.</doc>
<kw name="Check plantHasBeenAdded" library="android.res">
<arg>${idOfPlant}</arg>
<arg>${globalList}</arg>
<kw name="Run Keyword" library="BuiltIn">
<var>${plantHasBeenAdded}</var>
<arg>Check that the flower has been already added</arg>
<arg>${idOfPlant}</arg>
<arg>${globalList}</arg>
<doc>Executes the given keyword with the given arguments.</doc>
<kw name="Check that the flower has been already added" library="android.res">
<arg>${idOfPlant}</arg>
<arg>${globalList}</arg>
<kw name="Run Keyword And Return Status" library="BuiltIn">
<var>${containsValue}</var>
<arg>List Should Not Contain Value</arg>
<arg>${list}</arg>
<arg>${number}</arg>
<doc>Runs the given keyword with given arguments and returns the status as a Boolean value.</doc>
<kw name="List Should Not Contain Value" library="Collections">
<arg>${list}</arg>
<arg>${number}</arg>
<doc>Fails if the ``value`` is found from ``list``.</doc>
<status status="PASS" starttime="20231117 23:46:17.728" endtime="20231117 23:46:17.728"/>
</kw>
<msg timestamp="20231117 23:46:17.729" level="INFO">${containsValue} = True</msg>
<status status="PASS" starttime="20231117 23:46:17.728" endtime="20231117 23:46:17.729"/>
</kw>
<kw name="Return From Keyword" library="BuiltIn">
<arg>${containsValue}</arg>
<doc>Returns from the enclosing user keyword.</doc>
<msg timestamp="20231117 23:46:17.729" level="INFO">Returning from the enclosing user keyword.</msg>
<status status="PASS" starttime="20231117 23:46:17.729" endtime="20231117 23:46:17.729"/>
</kw>
<status status="PASS" starttime="20231117 23:46:17.727" endtime="20231117 23:46:17.729"/>
</kw>
<msg timestamp="20231117 23:46:17.729" level="INFO">${plantHasBeenAdded} = True</msg>
<status status="PASS" starttime="20231117 23:46:17.726" endtime="20231117 23:46:17.729"/>
</kw>
<if>
<branch type="IF" condition="'${plantHasBeenAdded}' == 'False'">
<kw name="Run Keyword" library="BuiltIn">
<var>${setId}</var>
<arg>Generate Random Flower</arg>
<doc>Executes the given keyword with the given arguments.</doc>
<status status="NOT RUN" starttime="20231117 23:46:17.730" endtime="20231117 23:46:17.730"/>
</kw>
<while condition="'${setId}'=='${idOfPlant}'">
<iter>
<kw name="Run Keyword" library="BuiltIn">
<var>${setId}</var>
<arg>Generate Random Flower</arg>
<doc>Executes the given keyword with the given arguments.</doc>
<status status="NOT RUN" starttime="20231117 23:46:17.730" endtime="20231117 23:46:17.730"/>
</kw>
<status status="NOT RUN" starttime="20231117 23:46:17.730" endtime="20231117 23:46:17.730"/>
</iter>
<status status="NOT RUN" starttime="20231117 23:46:17.730" endtime="20231117 23:46:17.730"/>
</while>
<status status="NOT RUN" starttime="20231117 23:46:17.729" endtime="20231117 23:46:17.730"/>
</branch>
<branch type="ELSE">
<kw name="Set Variable" library="BuiltIn">
<var>${setId}</var>
<arg>${idOfPlant}</arg>
<doc>Returns the given values which can then be assigned to a variables.</doc>
<msg timestamp="20231117 23:46:17.731" level="INFO">${setId} = 16</msg>
<status status="PASS" starttime="20231117 23:46:17.731" endtime="20231117 23:46:17.732"/>
</kw>
<status status="PASS" starttime="20231117 23:46:17.730" endtime="20231117 23:46:17.732"/>
</branch>
<status status="PASS" starttime="20231117 23:46:17.729" endtime="20231117 23:46:17.732"/>
</if>
<kw name="Return From Keyword" library="BuiltIn">
<arg>${setId}</arg>
<doc>Returns from the enclosing user keyword.</doc>
<msg timestamp="20231117 23:46:17.732" level="INFO">Returning from the enclosing user keyword.</msg>
<status status="PASS" starttime="20231117 23:46:17.732" endtime="20231117 23:46:17.732"/>
</kw>
<status status="PASS" starttime="20231117 23:46:17.724" endtime="20231117 23:46:17.732"/>
</kw>
<msg timestamp="20231117 23:46:17.732" level="INFO">${plantHasBeenAddedValue} = 16</msg>
<status status="PASS" starttime="20231117 23:46:17.724" endtime="20231117 23:46:17.732"/>
</kw>
<kw name="Set Variable" library="BuiltIn">
<var>${i}</var>
<arg>1</arg>
<doc>Returns the given values which can then be assigned to a variables.</doc>
<msg timestamp="20231117 23:46:17.733" level="INFO">${i} = 1</msg>
<status status="PASS" starttime="20231117 23:46:17.733" endtime="20231117 23:46:17.733"/>
</kw>
<kw name="Set Variable" library="BuiltIn">
<var>${Status}</var>
<arg>${false}</arg>
<doc>Returns the given values which can then be assigned to a variables.</doc>
<msg timestamp="20231117 23:46:17.733" level="INFO">${Status} = False</msg>
<status status="PASS" starttime="20231117 23:46:17.733" endtime="20231117 23:46:17.733"/>
</kw>
<kw name="Run Keyword" library="BuiltIn">
<var>${h1}</var>
<arg>Click on a plant</arg>
<arg>${plantHasBeenAddedValue}</arg>
<doc>Executes the given keyword with the given arguments.</doc>
<kw name="Click on a plant" library="android.res">
<arg>${plantHasBeenAddedValue}</arg>
<kw name="Wait Until Element Is Visible" library="AppiumLibrary">
<arg>xpath=(//android.view.View[@content-desc="Picture of plant"])[6]</arg>
<arg>40</arg>
<doc>Waits until element specified with `locator` is visible.</doc>
<kw name="Capture Page Screenshot" library="AppiumLibrary">
<doc>Takes a screenshot of the current page and embeds it into the log.</doc>
<status status="FAIL" starttime="20231117 23:46:22.283" endtime="20231117 23:46:22.284"/>
</kw>
<msg timestamp="20231117 23:46:22.286" level="WARN">Keyword 'Capture Page Screenshot' could not be run on failure: Execution terminated by signal</msg>
<msg timestamp="20231117 23:46:22.287" level="INFO">xpath criteria: (//android.view.View[@content-desc="Picture of plant"])[6]
xpath criteria: (//android.view.View[@content-desc="Picture of plant"])[6]
xpath criteria: (//android.view.View[@content-desc="Picture of plant"])[6]
xpath criteria: (//android.view.View[@content-desc="Picture of plant"])[6]
xpath criteria: (//android.view.View[@content-desc="Picture of plant"])[6]
xpath criteria: (//android.view.View[@content-desc="Picture of plant"])[6]</msg>
<status status="FAIL" starttime="20231117 23:46:17.734" endtime="20231117 23:46:22.287"/>
</kw>
<kw name="Run Keyword" library="BuiltIn">
<var>@{hi}</var>
<arg>Get all the flowers</arg>
<doc>Executes the given keyword with the given arguments.</doc>
<status status="NOT RUN" starttime="20231117 23:46:22.287" endtime="20231117 23:46:22.287"/>
</kw>
<kw name="Return From Keyword" library="BuiltIn">
<arg>@{hi}</arg>
<doc>Returns from the enclosing user keyword.</doc>
<status status="NOT RUN" starttime="20231117 23:46:22.288" endtime="20231117 23:46:22.288"/>
</kw>
<status status="FAIL" starttime="20231117 23:46:17.734" endtime="20231117 23:46:22.288"/>
</kw>
<status status="FAIL" starttime="20231117 23:46:17.733" endtime="20231117 23:46:22.288"/>
</kw>
<while condition="'${Status}'=='False'">
<iter>
<kw name="Run Keyword" library="BuiltIn">
<var>${hi}</var>
<arg>Click on a plant</arg>
<arg>${plantHasBeenAddedValue}</arg>
<doc>Executes the given keyword with the given arguments.</doc>
<status status="NOT RUN" starttime="20231117 23:46:22.288" endtime="20231117 23:46:22.288"/>
</kw>
<kw name="Combine Lists" library="Collections">
<var>${finList}</var>
<arg>${h1}</arg>
<arg>${hi}</arg>
<doc>Combines the given ``lists`` together and returns the result.</doc>
<status status="NOT RUN" starttime="20231117 23:46:22.288" endtime="20231117 23:46:22.288"/>
</kw>
<kw name="Remove Duplicates" library="Collections">
<var>${rem}</var>
<arg>${finList}</arg>
<doc>Returns a list without duplicates based on the given ``list``.</doc>
<status status="NOT RUN" starttime="20231117 23:46:22.288" endtime="20231117 23:46:22.288"/>
</kw>
<kw name="Get Length" library="BuiltIn">
<var>${len2}</var>
<arg>${rem}</arg>
<doc>Returns and logs the length of the given item as an integer.</doc>
<status status="NOT RUN" starttime="20231117 23:46:22.288" endtime="20231117 23:46:22.289"/>
</kw>
<kw name="Run Keyword" library="BuiltIn">
<var>${Status}</var>
<arg>Check element is visible</arg>
<arg>${rem}</arg>
<arg>${plantHasBeenAddedValue}</arg>
<doc>Executes the given keyword with the given arguments.</doc>
<status status="NOT RUN" starttime="20231117 23:46:22.289" endtime="20231117 23:46:22.289"/>
</kw>
<kw name="Evaluate" library="BuiltIn">
<var>${increment}</var>
<arg>${i}+1</arg>
<doc>Evaluates the given expression in Python and returns the result.</doc>
<status status="NOT RUN" starttime="20231117 23:46:22.289" endtime="20231117 23:46:22.289"/>
</kw>
<kw name="Scroll" library="AppiumLibrary">
<arg>${hi}[${increment+2}]</arg>
<arg>${hi}[${increment}]</arg>
<doc>Scrolls from one element to another
Key attributes for arbitrary elements are `id` and `name`. See
`introduction` for details about locating elements.</doc>
<status status="NOT RUN" starttime="20231117 23:46:22.289" endtime="20231117 23:46:22.289"/>
</kw>
<kw name="Inner Plant Actions" library="android.res">
<arg>${Status}</arg>
<arg>${rem}</arg>
<arg>${plantHasBeenAddedValue}</arg>
<status status="NOT RUN" starttime="20231117 23:46:22.290" endtime="20231117 23:46:22.290"/>
</kw>
<status status="NOT RUN" starttime="20231117 23:46:22.288" endtime="20231117 23:46:22.290"/>
</iter>
<status status="NOT RUN" starttime="20231117 23:46:22.288" endtime="20231117 23:46:22.290"/>
</while>
<status status="FAIL" starttime="20231117 23:46:17.723" endtime="20231117 23:46:22.290"/>
</kw>
<kw name="Check that the right flowers were put in my garden" library="android.res">
<status status="NOT RUN" starttime="20231117 23:46:22.290" endtime="20231117 23:46:22.290"/>
</kw>
<status status="FAIL" starttime="20231117 23:46:14.633" endtime="20231117 23:46:22.290"/>
</kw>
<status status="FAIL" starttime="20231117 23:46:14.633" endtime="20231117 23:46:22.290"/>
</kw>
<kw name="Close Application" library="AppiumLibrary">
<doc>Closes the current application and also close webdriver session.</doc>
<status status="NOT RUN" starttime="20231117 23:46:22.290" endtime="20231117 23:46:22.290"/>
</kw>
<status status="FAIL" starttime="20231117 23:46:07.252" endtime="20231117 23:46:22.291">Execution terminated by signal</status>
</test>
<status status="FAIL" starttime="20231117 23:46:07.118" endtime="20231117 23:46:22.291"/>
</suite>
<status status="FAIL" starttime="20231117 23:46:07.099" endtime="20231117 23:46:22.293"/>
</suite>
<statistics>
<total>
<stat pass="0" fail="1" skip="0">All Tests</stat>
</total>
<tag>
</tag>
<suite>
<stat pass="0" fail="1" skip="0" id="s1" name="flowerApk">flowerApk</stat>
<stat pass="0" fail="1" skip="0" id="s1-s1" name="Test">flowerApk.Test</stat>
</suite>
</statistics>
<errors>
<msg timestamp="20231117 23:46:22.286" level="WARN">Keyword 'Capture Page Screenshot' could not be run on failure: Execution terminated by signal</msg>
</errors>
</robot>
                                                                                                                                                                                                                                                                                                                                                                                                                                                                                                                                                                                                                                                                                                                                                                                                                                                                                                                                                                                                                                                                                                                                                                                                                                                                                                                                                                                                                                                                                                                                                                                                                                                                                                                                                                                                                                                                                                                                                                                                                                                                                                                                                                                                                                                                                                                                                                                                                                                                                                                                                                                                                                                                                                                                                                                                                                                                                                                                                                                                                                                                                                                                                                                                                                                                                                                                                                                                                                                                                                                                                                                                                                                                                                                                                                                                                                                                                                                                                                                                                                                                                                                                                                                                                                                                                                                                                                                                                                                                                                                                                                                                                                                                                                                                                                                                                                                                                                                                                                                                                                                                                                                                                                                                                                                                                                                                                                                                                                                                                                                                                                                                                                                                                                                                                                                                                                                                                                                                                                                                                                                                                                                                                                                                                                                                                                                                                                                                                                                                                                                                                                                                                                                                                                                                                                                                                                                                                                                                                                                                                                                                                                                                                                                                                                                                                                                                                                                                                                                                                                                                                                                                                                                                                                                                                                                                                                                                                                                                                                                                                                                                                                                                                                                                                                                                                                                                                                                                                                                                                                                                                                                                                                                                                                                                                                                                                                                                                                                                                                                                                                                                                                                                                                                                                                                                                                                                                                                                                                                                                                                                                                                                                                                                                                                                                                                                                                                                                                                                                                                                                                                                                                                                                                                                                                                                                                                                                                                                                                                                                                                                                                                                                                                                                                                                                                                                                                                                                                                                                                                                                                                                                                                                                                                                                                                                                                                                                                                                                                                                                                                                                                                                                                                                                                                                                                                                                                                                                                                                                                                                                                                                                                                                                                                                                                                                                                                                                                                                                                                                                                                                                                                                                                                                                                                                                                                                                                                                                                                                                                                                                                                                                                                                                                                                                                                                                                                                                                                                                                                                                                                                                                                                                                                                                                                                                                                                                                                                                                                                                                                                                                                                                                                                                                                                                                                                                                                                                                                                                                                                                                                                                                                                                                                                                                                                                                                                                                                                                                                                                                                                                                                                                                                                                                                                                                                                                                                                                                                                                                                                                                                                                                                                                                                                                                                                                                                                                                                                                                                                                                                                                                                                                                                                                                                                                                                                                                                                                                                                                                                                                                                                                                                                                                                                                                                                                                                                                                                                                                                                                                                                                                                                                                                                                                                                                                                                                                                                                                                                                                                                                                                                                                                                                                                                                                                                                                                                                                                                                                                                                                                                                                                                                                                                                                                                                                                                                                                                                                                                                                                                                                                                                                                                                                                                                                                                                                                                                                                                                                                                                                                                                                                                                                                                                                                                                                                                                                                                                                                                                                                                                                                                                                                                                                                                                                                                                                                                                                                                                                                                                                                                                                                                                                                                                                                                                                                                                                                                                                                                                                                                                                                                                                                                                                                                                                                                                                                                                                                                                                                                                                                                                                                                                                                                                                                                                                                                                                                                                                                                                                                                                                                                                                                                                                                                                                                                                                                                                                                                                                                                                                                                                                                                                                                                                                                                                                                                                                                                                                                                                                                                                                                                                                                                                                                                                                                                                                                                                                                                                                                                                                                                                                                                                                                                                                                                                                                                                                                                                                                                                                                                                                                                                                                                                                                                                                                                                                                                                                                                                                                                                                                                                                                                                                                                                                                                                                                                                                                                                                                                                                                                                                                                                                                                                                                                                                                                                                                                                                                                                                                                                                                                                                                                                                                                                                                                                                                                                                                                                                                                                                                                                                                                                                                                                                                                                                                                                                                                                                                                                                                                                                                                                                                                                                                                                                                                                                                                                                                                                                                                                                                                                                                                                                                                                                                                                                                                                                                                                                                                                                                                                                                                                                                                                                                                                                                                                                                                                                                                                                                                                                                                                                                                                                                                                                                                                                                                                                                                                                                                                                                                                                                                                                                                                                                                                                                                                                                                                                                                                                                                                                                                                                                                                                                                                                                                                                                                                                                                                                                                                                                                                                                                                                                                                                                                                                                                                                                                                                                                                                                                                                                                                                                                                                                                                                                                                                                                                                                                                                                                                                                                                                                                                                                                                                                                                                                                                                                                                                                                                                                                                                                                                                                                                                                                                                                                                                                                                                                                                                                                                                                                                                                                                                                                                                                                                                                                                                                                                                                                                                                                                                                                                                                                                                                                                                                                                                                                                                                                                                                                                                                                                                                                                                                                                                                                                                                                                                                                                                                                                                                                                                                                                                                                                                                                                                                                                                                                                                                                                                                                                                                                                                                                                                                                                                                                                                                                                                                                                                                                                                                                                                                                                                                                                                                                                                                                                                                                                                                                                                                                                                                                                                                                                                                                                                                                                                                                                                                                                                                                                                                                                                                                                                                                                                                                                                                                                                                                                                                                                                                                                                                                                                                                                                                                                                                                                                                                                                                                                                                                                                                                                                                                                                                                                                                                                                                                                                                                                                                                                                                                                                                                                                                                                                                                                                                                                                                                                                                                                                                                                                                                                                                                                                                                                                                                                                                                                                                                                                                                                                                                                                                                                                                                                                                                                                                                                                                                                                                                                                                                                                                                                                                                                                                                                                                                                                                                                                                                                                                                                                                                                                                                                                                                                                                                                                                                                                                                                                                                                                                                                                                                                                                                                                                                                                                                                                                                                                                                                                                                                                                                                                                                                                                                                                                                                                                                                                                                                                                                                                                                                                                                                                                                                                                                                                                                                                                                                                                                                                                                                                                                                                                                                                                                                                                                                                                                                                                                                                                                                                                                                                                                                                                                                                                                                                                                                                                                                                                                                                                                                                                                                                                                                                                                                                                                                                                                                                                                                                                                                                                                                                                                                                                                                                                                                                                                                                                                                                                                                                                                                                                                                                                                                                                                                                                                                                                                                                                                                                                                                                                                                                                                                                                                                                                                                                                                                                                                                                                                                                                                                                                                                                                                                                                                                                                                                                                                                                                                                                                                                                                                                                                                                                                                                                                                                                                                                                                                                                                                                                                                                                                                                                                                                                                                                                                                                                                                                                                                                                                                                                                                                                                                                                                                                                                                                                                                                                                                                                                                                                                                                                                                                                                                                                                                                                                                                                                                                                                                                                                                                                                                                                                                                                                                                                                                                                                                                                                                                                                                                                                                                                                                                                                                                                                                                                                                                                                                                                                                                                                                                                                                                                                                                                                                                                                                                                                                                                                                                                                                                                                                                                                                                                                                                                                                                                                                                                                                                                                                                                                                                                                                                                                                                                                                                                                                                                                                                                                                                                                                                                                                                                                                                                                                                                                                                                                                                                                                                                                                                                                                                                                                                                                                                                                                                                                                                                                                                                                                                                                                                                                                                                                                                                                                                                                                                                                                                                                                                                                                                                                                                                                                                                                                                                                                                                                                                                                                                                                                                                                                                                                                                                                                                                                                                                                                                                                                                                                                                                                                                                                                                                                                                                                                                                                                                                                                                                                                                                                                                                                                                                                                                                                                                                                                                                                                                                                                                                                                                                                                                                                                                                                                                                                                                                                                                                                                                                                                                                                                                                                                                                                                                                                                                                                                                                                                                                                                                                                                                                                                                                                                                                                                                                                                                                                                                                                                                                                                                                                                                                                                                                                                                                                                                                                                                                                                                                                                                                                                                                                                                                                                                                                                                                                                                                                                                                                                                                                                                                                                                                                                                                                                                                                                                                                                                                                                                                                                                                                                                                                                                                                                                                                                                                                                                                                                                                                                                                                                                                                                                                                                                                                                                                                                                                                                                                                                                                                                                                                                                                                                                                                                                                                                                                                                                                                                                                                                                                                                                                                                                                                                                                                                                                                                                                                                                                                                                                                                                                                                                                                                                                                                                                                                                                                                                                                                                                                                                                                                                                                                                                                                                                                                                                                                                                                                                                                                                                                                                                                                                                                                                                                                                                                                                                                                                                                                                                                                                                                                                                                                                                                                                                                                                                                                                                                                                                                                                                                                                                                                                                                                                                                                                                                                                                                                                                                                                                                                                                                                                                                                                                                                                                                                                                                                                                                                                                                                                                                                                                                                                                                                                                                                                                                                                                                                                                                                                                                                                                                                                                                                                                                                                                                                                                                                                                                                                                                                                                                                                                                                                                                                                                                                                                                                                                                                                                                                                                                                                                                                                                                                                                                                                                                                                                                                                                                                                                                                                                                                                                                                                                                                                                                                                                                                                                                                                                                                                                                                                                                                                                                                                                                                                                                                                                                                                                                                                                                                                                                                                                                                                                                                                                                                                                                                                                                                                                                                                                                                                                                                                                                                                                                                                                                                                                                                                                                                                                                                                                                                                                                                                                                                                                                                                                                                                                                                                                                                                                                                                                                                                                                                                                                                                                                                                                                                                                                                                                                                                                                                                                                                                                                                                                                                                                                                                                                                                                                                                                                                                                                                                                                                                                                                                                                                                                                                                                                                                                                                                                                                                                                                                                                                                                                                                                                                                                                                                                                                                                                                                                                                                                                                                                                                                                                                                                                                                                                                                                                                                                                                                                                                                                                                                                                                                       
[...]
                                                                                                                                                                                                                                                                                                                                                                                                                                                                                                                                                                                                                                                                                                                                                                                                                                                                                                                                                                                                                                                                                                                                                                                                                                                                                                                                                                                                                                                                                                                                                                                                                                                                                                                                                                                                                                                                                                                                                                                                                                                                                                                                                                                                                                                                                                                                                                                                                                                                                                                                                                                                                                                                                                                                                                                                                                                                                                                                                                                                                                                                                                                                                                                                                                                                                                                                                                                                                                                                                                                                                                                                                                                                                                                                                                                                                                                                                                                                                                                                                                                                                                                                                                                                                                                                                                                                                                                                                                                                                                                                                                                                                                                                                                                                                                                                                                                                                                                                                                                                                                                                                                                                                                                                                                                                                                                                                                                                                                                                                                                                                                                                                                                                                                                                                                                                                                                                                                                                                                                                                                                                                                                                                                                                                                                                                                                                                                                                                                                                                                                                                                                                                                                                                                                                                                                                                                                                                                                                                                                                                                                                                                                                                                                                                                                                                                                                                                                                                                                                                                                                                                                                                                                                                                                                                                                                                                                                                                                                                                                                                                                                                                                                                                                                                                                                                                                                                                                                                                                                                                                                                                                                                                                                                                                                                                                                                                                                                                                                                                                                                                                                                                                                                                                                                                                                                                                                                                                                                                                                                                                                                                                                                                                                                                                                                                                                                                                                                                                                                                                                                                                                                                                                                                                                                                                                                                                                                                                                                                                                                                                                                                                                                                                                                                                                                                                                                                                                                                                                                                                                                                                                                                                                                                                                                                                                                                                                                                                                                                                                                                                                                                                                                                                                                                                                                                                                                                                                                                                                                                                                                                                                                                                                                                                                                                                                                                                                                                                                                                                                                                                                                                                                                                                                                                                                                                                                                                                                                                                                                                                                                                                                                                                                                                                                                                                                                                                                                                                                                                                                                                                                                                                                                                                                                                                                                                                                                                                                                                                                                                                                                                                                                                                                                                                                                                                                                                                                                                                                                                                                                                                                                                                                                                                                                                                                                                                                                                                                                                                                                                                    ${rem} = [&lt;appium.webdriver.webelement.WebElement (session="4897aac9-0623-4408-9f9d-707bfc138f86", element="00000000-0000-005f-0000-01b600000004")&gt;, &lt;appium.webdriver.webelement.WebElement (session="4897aac9-0...</msg>
<status status="PASS" starttime="20231117 20:29:55.419" endtime="20231117 20:29:55.420"/>
</kw>
<kw name="Get Length" library="BuiltIn">
<var>${len2}</var>
<arg>${rem}</arg>
<doc>Returns and logs the length of the given item as an integer.</doc>
<msg timestamp="20231117 20:29:55.420" level="INFO">Length is 15</msg>
<msg timestamp="20231117 20:29:55.420" level="INFO">${len2} = 15</msg>
<status status="PASS" starttime="20231117 20:29:55.420" endtime="20231117 20:29:55.420"/>
</kw>
<kw name="Run Keyword" library="BuiltIn">
<var>${Status}</var>
<arg>Check element is visible</arg>
<arg>${rem}</arg>
<arg>${plantHasBeenAddedValue}</arg>
<doc>Executes the given keyword with the given arguments.</doc>
<kw name="Check element is visible" library="android.res">
<arg>${rem}</arg>
<arg>${plantHasBeenAddedValue}</arg>
<kw name="Run Keyword And Return Status" library="BuiltIn">
<var>${val}</var>
<arg>Get From List</arg>
<arg>${hi}</arg>
<arg>${idOfPlant}</arg>
<doc>Runs the given keyword with given arguments and returns the status as a Boolean value.</doc>
<kw name="Get From List" library="Collections">
<arg>${hi}</arg>
<arg>${idOfPlant}</arg>
<doc>Returns the value specified with an ``index`` from ``list``.</doc>
<msg timestamp="20231117 20:29:55.421" level="FAIL">IndexError: Given index 16 is out of the range 0-14.</msg>
<status status="FAIL" starttime="20231117 20:29:55.421" endtime="20231117 20:29:55.422"/>
</kw>
<msg timestamp="20231117 20:29:55.422" level="INFO">${val} = False</msg>
<status status="PASS" starttime="20231117 20:29:55.421" endtime="20231117 20:29:55.422"/>
</kw>
<kw name="Return From Keyword" library="BuiltIn">
<arg>${val}</arg>
<doc>Returns from the enclosing user keyword.</doc>
<msg timestamp="20231117 20:29:55.422" level="INFO">Returning from the enclosing user keyword.</msg>
<status status="PASS" starttime="20231117 20:29:55.422" endtime="20231117 20:29:55.422"/>
</kw>
<status status="PASS" starttime="20231117 20:29:55.420" endtime="20231117 20:29:55.422"/>
</kw>
<msg timestamp="20231117 20:29:55.422" level="INFO">${Status} = False</msg>
<status status="PASS" starttime="20231117 20:29:55.420" endtime="20231117 20:29:55.422"/>
</kw>
<kw name="Evaluate" library="BuiltIn">
<var>${increment}</var>
<arg>${i}+1</arg>
<doc>Evaluates the given expression in Python and returns the result.</doc>
<msg timestamp="20231117 20:29:55.422" level="INFO">${increment} = 2</msg>
<status status="PASS" starttime="20231117 20:29:55.422" endtime="20231117 20:29:55.422"/>
</kw>
<kw name="Scroll" library="AppiumLibrary">
<arg>${hi}[${increment+2}]</arg>
<arg>${hi}[${increment}]</arg>
<doc>Scrolls from one element to another
Key attributes for arbitrary elements are `id` and `name`. See
`introduction` for details about locating elements.</doc>
<kw name="Capture Page Screenshot" library="AppiumLibrary">
<doc>Takes a screenshot of the current page and embeds it into the log.</doc>
<status status="FAIL" starttime="20231118 00:31:35.858" endtime="20231118 00:31:35.859"/>
</kw>
<msg timestamp="20231118 00:31:35.866" level="WARN">Keyword 'Capture Page Screenshot' could not be run on failure: Execution terminated by signal</msg>
<status status="FAIL" starttime="20231117 20:29:55.423" endtime="20231118 00:31:35.866"/>
</kw>
<kw name="Log" library="BuiltIn">
<arg>${rem}</arg>
<doc>Logs the given message with the given level.</doc>
<status status="NOT RUN" starttime="20231118 00:31:35.867" endtime="20231118 00:31:35.867"/>
</kw>
<kw name="Inner Plant Actions" library="android.res">
<arg>${Status}</arg>
<arg>${plantHasBeenAddedValue}</arg>
<arg>${rem}</arg>
<status status="NOT RUN" starttime="20231118 00:31:35.868" endtime="20231118 00:31:35.868"/>
</kw>
<status status="FAIL" starttime="20231117 20:29:54.903" endtime="20231118 00:31:35.869"/>
</iter>
<status status="FAIL" starttime="20231117 20:29:31.282" endtime="20231118 00:31:35.869"/>
</while>
<status status="FAIL" starttime="20231117 20:29:30.529" endtime="20231118 00:31:35.870"/>
</kw>
<kw name="Check that the right flowers were put in my garden" library="android.res">
<status status="NOT RUN" starttime="20231118 00:31:35.870" endtime="20231118 00:31:35.871"/>
</kw>
<status status="FAIL" starttime="20231117 20:29:29.671" endtime="20231118 00:31:35.871"/>
</kw>
<status status="FAIL" starttime="20231117 20:28:52.180" endtime="20231118 00:31:35.872"/>
</kw>
<kw name="Close Application" library="AppiumLibrary">
<doc>Closes the current application and also close webdriver session.</doc>
<status status="NOT RUN" starttime="20231118 00:31:35.872" endtime="20231118 00:31:35.873"/>
</kw>
<status status="FAIL" starttime="20231117 20:28:44.828" endtime="20231118 00:31:35.874">Execution terminated by signal</status>
</test>
<status status="FAIL" starttime="20231117 20:28:44.675" endtime="20231118 00:31:35.877"/>
</suite>
<status status="FAIL" starttime="20231117 20:28:44.656" endtime="20231118 00:31:35.881"/>
</suite>
<statistics>
<total>
<stat pass="0" fail="1" skip="0">All Tests</stat>
</total>
<tag>
</tag>
<suite>
<stat pass="0" fail="1" skip="0" id="s1" name="flowerApk">flowerApk</stat>
<stat pass="0" fail="1" skip="0" id="s1-s1" name="Test">flowerApk.Test</stat>
</suite>
</statistics>
<errors>
<msg timestamp="20231118 00:31:35.866" level="WARN">Keyword 'Capture Page Screenshot' could not be run on failure: Execution terminated by signal</msg>
</errors>
</robot>
